<?xml version="1.0" encoding="UTF-8"?>
<robot generator="Robot 7.2.2 (Python 3.13.3 on win32)" generated="2025-06-05T23:58:10.896503" rpa="false" schemaversion="5">
<suite id="s1" name="Signup" source="C:\QAx\projects\walkdog-robot\signup.robot">
<test id="s1-t1" name="Deve poder cadastrar um novo dog walker" line="8">
<kw name="Set Variable" owner="BuiltIn">
<msg time="2025-06-05T23:58:11.067261" level="INFO">${name} = Marcia Silva</msg>
<var>${name}</var>
<arg>Marcia Silva</arg>
<doc>Returns the given values which can then be assigned to a variables.</doc>
<status status="PASS" start="2025-06-05T23:58:11.067010" elapsed="0.000289"/>
</kw>
<kw name="Set Variable" owner="BuiltIn">
<msg time="2025-06-05T23:58:11.067725" level="INFO">${email} = marcia@gmail.com</msg>
<var>${email}</var>
<arg>marcia@gmail.com</arg>
<doc>Returns the given values which can then be assigned to a variables.</doc>
<status status="PASS" start="2025-06-05T23:58:11.067539" elapsed="0.000215"/>
</kw>
<kw name="Set Variable" owner="BuiltIn">
<msg time="2025-06-05T23:58:11.068100" level="INFO">${cpf} = 00000014141</msg>
<var>${cpf}</var>
<arg>00000014141</arg>
<doc>Returns the given values which can then be assigned to a variables.</doc>
<status status="PASS" start="2025-06-05T23:58:11.067952" elapsed="0.000173"/>
</kw>
<kw name="Set Variable" owner="BuiltIn">
<msg time="2025-06-05T23:58:11.068455" level="INFO">${cep} = 01311-000</msg>
<var>${cep}</var>
<arg>01311-000</arg>
<doc>Returns the given values which can then be assigned to a variables.</doc>
<status status="PASS" start="2025-06-05T23:58:11.068309" elapsed="0.000171"/>
</kw>
<kw name="Set Variable" owner="BuiltIn">
<msg time="2025-06-05T23:58:11.068813" level="INFO">${addressStreet} = Avenida Paulista</msg>
<var>${addressStreet}</var>
<arg>Avenida Paulista</arg>
<doc>Returns the given values which can then be assigned to a variables.</doc>
<status status="PASS" start="2025-06-05T23:58:11.068666" elapsed="0.000171"/>
</kw>
<kw name="Set Variable" owner="BuiltIn">
<msg time="2025-06-05T23:58:11.069164" level="INFO">${addressDistrict} = Bela Vista</msg>
<var>${addressDistrict}</var>
<arg>Bela Vista</arg>
<doc>Returns the given values which can then be assigned to a variables.</doc>
<status status="PASS" start="2025-06-05T23:58:11.069020" elapsed="0.000168"/>
</kw>
<kw name="Set Variable" owner="BuiltIn">
<msg time="2025-06-05T23:58:11.069519" level="INFO">${addressCityUf} = São Paulo/SP</msg>
<var>${addressCityUf}</var>
<arg>São Paulo/SP</arg>
<doc>Returns the given values which can then be assigned to a variables.</doc>
<status status="PASS" start="2025-06-05T23:58:11.069370" elapsed="0.000175"/>
</kw>
<kw name="Set Variable" owner="BuiltIn">
<msg time="2025-06-05T23:58:11.069876" level="INFO">${addressNumber} = 300</msg>
<var>${addressNumber}</var>
<arg>300</arg>
<doc>Returns the given values which can then be assigned to a variables.</doc>
<status status="PASS" start="2025-06-05T23:58:11.069730" elapsed="0.000170"/>
</kw>
<kw name="Set Variable" owner="BuiltIn">
<msg time="2025-06-05T23:58:11.070312" level="INFO">${addressDetails} = Apto 12</msg>
<var>${addressDetails}</var>
<arg>Apto 12</arg>
<doc>Returns the given values which can then be assigned to a variables.</doc>
<status status="PASS" start="2025-06-05T23:58:11.070148" elapsed="0.000189"/>
</kw>
<kw name="New Browser" owner="Browser">
<msg time="2025-06-05T23:58:11.071498" level="INFO">{"browser": "chromium", "headless": false, "chromiumSandbox": false, "devtools": false, "handleSIGHUP": true, "handleSIGINT": true, "handleSIGTERM": true, "slowMo": 0.0, "timeout": 30000.0, "tracesDir": "C:\\QAx\\projects\\walkdog-robot\\logs\\browser\\traces\\temp\\5d17d0f8-790a-43b0-9cf2-02a71a7d409b"}</msg>
<msg time="2025-06-05T23:58:11.094568" level="INFO">Starting Browser process C:\Users\User\AppData\Local\Programs\Python\Python313\Lib\site-packages\Browser\wrapper\index.js using at 127.0.0.1:51731</msg>
<msg time="2025-06-05T23:58:12.404581" level="INFO">Successfully created browser with options: {"browser":"chromium","headless":false,"chromiumSandbox":false,"devtools":false,"handleSIGHUP":true,"handleSIGINT":true,"handleSIGTERM":true,"slowMo":0,"timeout":30000,"tracesDir":"C:\\QAx\\projects\\walkdog-robot\\logs\\browser\\traces\\temp\\5d17d0f8-790a-43b0-9cf2-02a71a7d409b"}</msg>
<arg>browser=chromium</arg>
<arg>headless=False</arg>
<tag>BrowserControl</tag>
<tag>Setter</tag>
<doc>Create a new playwright Browser with specified options.</doc>
<status status="PASS" start="2025-06-05T23:58:11.070841" elapsed="1.333984"/>
</kw>
<kw name="New Page" owner="Browser">
<msg time="2025-06-05T23:58:13.077135" level="INFO">Successfully initialized new page object and opened url: https://walkdog.vercel.app/signup</msg>
<msg time="2025-06-05T23:58:13.077204" level="INFO">No context was open. New context was automatically opened when this page is created.</msg>
<arg>https://walkdog.vercel.app/signup</arg>
<tag>BrowserControl</tag>
<tag>Setter</tag>
<doc>Open a new Page.</doc>
<status status="PASS" start="2025-06-05T23:58:12.407593" elapsed="0.669742"/>
</kw>
<kw name="Wait For Elements State" owner="Browser">
<msg time="2025-06-05T23:58:13.109265" level="INFO">Waited for Element with selector form h1 at state visible</msg>
<arg>form h1</arg>
<arg>visible</arg>
<arg>timeout=5000</arg>
<tag>PageContent</tag>
<tag>Wait</tag>
<doc>Waits for the element found by ``selector`` to satisfy state option.</doc>
<status status="PASS" start="2025-06-05T23:58:13.077625" elapsed="0.031803"/>
</kw>
<kw name="Get Text" owner="Browser">
<msg time="2025-06-05T23:58:13.134239" level="INFO">Text: 'Faça seu cadastro'</msg>
<arg>form h1</arg>
<arg>equal</arg>
<arg>Faça seu cadastro</arg>
<tag>Assertion</tag>
<tag>Getter</tag>
<tag>PageContent</tag>
<doc>Returns text attribute of the element found by ``selector``.</doc>
<status status="PASS" start="2025-06-05T23:58:13.109731" elapsed="0.024610"/>
</kw>
<kw name="Fill Text" owner="Browser">
<msg time="2025-06-05T23:58:13.135116" level="INFO">Fills the text 'Marcia Silva' in the given field.</msg>
<arg>css=input[name="name"]</arg>
<arg>${name}</arg>
<tag>PageContent</tag>
<tag>Setter</tag>
<doc>Clears and fills the given ``txt`` into the text field found by ``selector``.</doc>
<status status="PASS" start="2025-06-05T23:58:13.134623" elapsed="0.020398"/>
</kw>
<kw name="Fill Text" owner="Browser">
<msg time="2025-06-05T23:58:13.155952" level="INFO">Fills the text 'marcia@gmail.com' in the given field.</msg>
<arg>css=input[name="email"]</arg>
<arg>${email}</arg>
<tag>PageContent</tag>
<tag>Setter</tag>
<doc>Clears and fills the given ``txt`` into the text field found by ``selector``.</doc>
<status status="PASS" start="2025-06-05T23:58:13.155425" elapsed="0.015909"/>
</kw>
<kw name="Fill Text" owner="Browser">
<msg time="2025-06-05T23:58:13.172201" level="INFO">Fills the text '00000014141' in the given field.</msg>
<arg>css=input[name="cpf"]</arg>
<arg>${cpf}</arg>
<tag>PageContent</tag>
<tag>Setter</tag>
<doc>Clears and fills the given ``txt`` into the text field found by ``selector``.</doc>
<status status="PASS" start="2025-06-05T23:58:13.171703" elapsed="0.015263"/>
</kw>
<kw name="Fill Text" owner="Browser">
<msg time="2025-06-05T23:58:13.187950" level="INFO">Fills the text '01311-000' in the given field.</msg>
<arg>css=input[name="cep"]</arg>
<arg>${cep}</arg>
<tag>PageContent</tag>
<tag>Setter</tag>
<doc>Clears and fills the given ``txt`` into the text field found by ``selector``.</doc>
<status status="PASS" start="2025-06-05T23:58:13.187400" elapsed="0.016731"/>
</kw>
<kw name="Click" owner="Browser">
<msg time="2025-06-05T23:58:13.205014" level="INFO">Clicks the element 'css=input[value="Buscar CEP"]'.</msg>
<arg>css=input[value="Buscar CEP"]</arg>
<tag>PageContent</tag>
<tag>Setter</tag>
<doc>Simulates mouse click on the element found by ``selector``.</doc>
<status status="PASS" start="2025-06-05T23:58:13.204550" elapsed="0.055017"/>
</kw>
<kw name="Get Property" owner="Browser">
<msg time="2025-06-05T23:58:13.646021" level="INFO">Property: 'Avenida Paulista'</msg>
<arg>css=input[name=addressStreet]</arg>
<arg>value</arg>
<arg>equal</arg>
<arg>${addressStreet}</arg>
<tag>Assertion</tag>
<tag>Getter</tag>
<tag>PageContent</tag>
<doc>Returns the ``property`` of the element found by ``selector``.</doc>
<status status="PASS" start="2025-06-05T23:58:13.260034" elapsed="0.386223"/>
</kw>
<kw name="Get Property" owner="Browser">
<msg time="2025-06-05T23:58:13.654851" level="INFO">Property: 'Bela Vista'</msg>
<arg>css=input[name=addressDistrict]</arg>
<arg>value</arg>
<arg>equal</arg>
<arg>${addressDistrict}</arg>
<tag>Assertion</tag>
<tag>Getter</tag>
<tag>PageContent</tag>
<doc>Returns the ``property`` of the element found by ``selector``.</doc>
<status status="PASS" start="2025-06-05T23:58:13.646566" elapsed="0.008382"/>
</kw>
<kw name="Get Property" owner="Browser">
<msg time="2025-06-05T23:58:13.664654" level="INFO">Property: 'São Paulo/SP'</msg>
<arg>css=input[name=addressCityUf]</arg>
<arg>value</arg>
<arg>equal</arg>
<arg>${addressCityUf}</arg>
<tag>Assertion</tag>
<tag>Getter</tag>
<tag>PageContent</tag>
<doc>Returns the ``property`` of the element found by ``selector``.</doc>
<status status="PASS" start="2025-06-05T23:58:13.655259" elapsed="0.009491"/>
</kw>
<kw name="Fill Text" owner="Browser">
<msg time="2025-06-05T23:58:13.665554" level="INFO">Fills the text '300' in the given field.</msg>
<arg>css=input[name="addressNumber"]</arg>
<arg>${addressNumber}</arg>
<tag>PageContent</tag>
<tag>Setter</tag>
<doc>Clears and fills the given ``txt`` into the text field found by ``selector``.</doc>
<status status="PASS" start="2025-06-05T23:58:13.665064" elapsed="0.013797"/>
</kw>
<kw name="Fill Text" owner="Browser">
<msg time="2025-06-05T23:58:13.680119" level="INFO">Fills the text 'Apto 12' in the given field.</msg>
<arg>css=input[name="addressDetails"]</arg>
<arg>${addressDetails}</arg>
<tag>PageContent</tag>
<tag>Setter</tag>
<doc>Clears and fills the given ``txt`` into the text field found by ``selector``.</doc>
<status status="PASS" start="2025-06-05T23:58:13.679364" elapsed="0.011812"/>
</kw>
<kw name="Sleep" owner="BuiltIn">
<msg time="2025-06-05T23:58:14.692767" level="INFO">Slept 1 second.</msg>
<arg>1</arg>
<doc>Pauses the test executed for the given time.</doc>
<status status="PASS" start="2025-06-05T23:58:13.692059" elapsed="1.000830"/>
</kw>
<msg time="2025-06-05T23:58:14.716210" level="INFO">Switching context to context=4185aa0d-8de7-48da-990f-b0e1b5b483c6 in CURRENT</msg>
<msg time="2025-06-05T23:58:14.725269" level="INFO">Successfully changed active context: context=4185aa0d-8de7-48da-990f-b0e1b5b483c6</msg>
<msg time="2025-06-05T23:58:14.767790" level="INFO">Successfully closed Context</msg>
<status status="PASS" start="2025-06-05T23:58:11.066071" elapsed="3.627356"/>
</test>
<doc>Suite de testes de Cadastro de dog walker</doc>
<status status="PASS" start="2025-06-05T23:58:10.897625" elapsed="3.872461"/>
</suite>
<statistics>
<total>
<stat pass="1" fail="0" skip="0">All Tests</stat>
</total>
<tag>
</tag>
<suite>
<stat name="Signup" id="s1" pass="1" fail="0" skip="0">Signup</stat>
</suite>
</statistics>
<errors>
</errors>
</robot>
