<?xml version="1.0" encoding="UTF-8"?>
<robot generator="Robot 7.2.2 (Python 3.13.3 on win32)" generated="2025-06-16T20:31:01.687085" rpa="false" schemaversion="5">
<suite id="s1" name="Signup" source="C:\QAx\projects\walkdog-robot\signup.robot">
<test id="s1-t1" name="Deve poder cadastrar um novo dog walker" line="8">
<kw name="Create Dictionary" owner="BuiltIn">
<msg time="2025-06-16T20:31:01.862863" level="INFO">${dog_walker} = {'name': 'Marcia Silva', 'email': 'marcia@gmail.com', 'cpf': '00000014141', 'cep': '01311-000', 'street': 'Avenida Paulista', 'district': 'Bela Vista', 'city_uf': 'São Paulo/SP', 'number': '300', 'det...</msg>
<var>${dog_walker}</var>
<arg>name=Marcia Silva</arg>
<arg>email=marcia@gmail.com</arg>
<arg>cpf=00000014141</arg>
<arg>cep=01311-000</arg>
<arg>street=Avenida Paulista</arg>
<arg>district=Bela Vista</arg>
<arg>city_uf=São Paulo/SP</arg>
<arg>number=300</arg>
<arg>details=Apto 12</arg>
<arg>cnh=SAMPLE.jpg</arg>
<doc>Creates and returns a dictionary based on the given ``items``.</doc>
<status status="PASS" start="2025-06-16T20:31:01.862317" elapsed="0.000596"/>
</kw>
<kw name="Go to signup page">
<kw name="New Browser" owner="Browser">
<msg time="2025-06-16T20:31:01.864476" level="INFO">{"browser": "chromium", "headless": false, "chromiumSandbox": false, "devtools": false, "handleSIGHUP": true, "handleSIGINT": true, "handleSIGTERM": true, "slowMo": 0.0, "timeout": 30000.0, "tracesDir": "C:\\QAx\\projects\\walkdog-robot\\logs\\browser\\traces\\temp\\8650e340-b4fa-4c50-875f-df135176f083"}</msg>
<msg time="2025-06-16T20:31:01.886785" level="INFO">Starting Browser process C:\Users\User\AppData\Local\Programs\Python\Python313\Lib\site-packages\Browser\wrapper\index.js using at 127.0.0.1:58623</msg>
<msg time="2025-06-16T20:31:03.179109" level="INFO">Successfully created browser with options: {"browser":"chromium","headless":false,"chromiumSandbox":false,"devtools":false,"handleSIGHUP":true,"handleSIGINT":true,"handleSIGTERM":true,"slowMo":0,"timeout":30000,"tracesDir":"C:\\QAx\\projects\\walkdog-robot\\logs\\browser\\traces\\temp\\8650e340-b4fa-4c50-875f-df135176f083"}</msg>
<arg>browser=chromium</arg>
<arg>headless=False</arg>
<tag>BrowserControl</tag>
<tag>Setter</tag>
<doc>Create a new playwright Browser with specified options.</doc>
<status status="PASS" start="2025-06-16T20:31:01.863790" elapsed="1.315552"/>
</kw>
<kw name="New Page" owner="Browser">
<msg time="2025-06-16T20:31:03.794494" level="INFO">Successfully initialized new page object and opened url: https://walkdog.vercel.app/signup</msg>
<msg time="2025-06-16T20:31:03.794578" level="INFO">No context was open. New context was automatically opened when this page is created.</msg>
<arg>https://walkdog.vercel.app/signup</arg>
<tag>BrowserControl</tag>
<tag>Setter</tag>
<doc>Open a new Page.</doc>
<status status="PASS" start="2025-06-16T20:31:03.179613" elapsed="0.615133"/>
</kw>
<kw name="Wait For Elements State" owner="Browser">
<msg time="2025-06-16T20:31:03.829200" level="INFO">Waited for Element with selector form h1 at state visible</msg>
<arg>form h1</arg>
<arg>visible</arg>
<arg>timeout=5000</arg>
<tag>PageContent</tag>
<tag>Wait</tag>
<doc>Waits for the element found by ``selector`` to satisfy state option.</doc>
<status status="PASS" start="2025-06-16T20:31:03.794938" elapsed="0.034417"/>
</kw>
<kw name="Get Text" owner="Browser">
<msg time="2025-06-16T20:31:03.855812" level="INFO">Text: 'Faça seu cadastro'</msg>
<arg>form h1</arg>
<arg>equal</arg>
<arg>Faça seu cadastro</arg>
<tag>Assertion</tag>
<tag>Getter</tag>
<tag>PageContent</tag>
<doc>Returns text attribute of the element found by ``selector``.</doc>
<status status="PASS" start="2025-06-16T20:31:03.829548" elapsed="0.026378"/>
</kw>
<status status="PASS" start="2025-06-16T20:31:01.863377" elapsed="1.992658"/>
</kw>
<kw name="Fill signup forms">
<kw name="Fill Text" owner="Browser">
<msg time="2025-06-16T20:31:03.857426" level="INFO">Fills the text 'Marcia Silva' in the given field.</msg>
<arg>css=input[name="name"]</arg>
<arg>${dog_walker}[name]</arg>
<tag>PageContent</tag>
<tag>Setter</tag>
<doc>Clears and fills the given ``txt`` into the text field found by ``selector``.</doc>
<status status="PASS" start="2025-06-16T20:31:03.856852" elapsed="0.019811"/>
</kw>
<kw name="Fill Text" owner="Browser">
<msg time="2025-06-16T20:31:03.877379" level="INFO">Fills the text 'marcia@gmail.com' in the given field.</msg>
<arg>css=input[name="email"]</arg>
<arg>${dog_walker}[email]</arg>
<tag>PageContent</tag>
<tag>Setter</tag>
<doc>Clears and fills the given ``txt`` into the text field found by ``selector``.</doc>
<status status="PASS" start="2025-06-16T20:31:03.876860" elapsed="0.019186"/>
</kw>
<kw name="Fill Text" owner="Browser">
<msg time="2025-06-16T20:31:03.896871" level="INFO">Fills the text '00000014141' in the given field.</msg>
<arg>css=input[name="cpf"]</arg>
<arg>${dog_walker}[cpf]</arg>
<tag>PageContent</tag>
<tag>Setter</tag>
<doc>Clears and fills the given ``txt`` into the text field found by ``selector``.</doc>
<status status="PASS" start="2025-06-16T20:31:03.896288" elapsed="0.014106"/>
</kw>
<kw name="Fill Text" owner="Browser">
<msg time="2025-06-16T20:31:03.911944" level="INFO">Fills the text '01311-000' in the given field.</msg>
<arg>css=input[name="cep"]</arg>
<arg>${dog_walker}[cep]</arg>
<tag>PageContent</tag>
<tag>Setter</tag>
<doc>Clears and fills the given ``txt`` into the text field found by ``selector``.</doc>
<status status="PASS" start="2025-06-16T20:31:03.910884" elapsed="0.017015"/>
</kw>
<kw name="Click" owner="Browser">
<msg time="2025-06-16T20:31:03.928678" level="INFO">Clicks the element 'css=input[value="Buscar CEP"]'.</msg>
<arg>css=input[value="Buscar CEP"]</arg>
<tag>PageContent</tag>
<tag>Setter</tag>
<doc>Simulates mouse click on the element found by ``selector``.</doc>
<status status="PASS" start="2025-06-16T20:31:03.928085" elapsed="0.086617"/>
</kw>
<kw name="Get Property" owner="Browser">
<msg time="2025-06-16T20:31:04.429039" level="INFO">Property: 'Avenida Paulista'</msg>
<arg>css=input[name=addressStreet]</arg>
<arg>value</arg>
<arg>equal</arg>
<arg>${dog_walker}[street]</arg>
<tag>Assertion</tag>
<tag>Getter</tag>
<tag>PageContent</tag>
<doc>Returns the ``property`` of the element found by ``selector``.</doc>
<status status="PASS" start="2025-06-16T20:31:04.014977" elapsed="0.414177"/>
</kw>
<kw name="Get Property" owner="Browser">
<msg time="2025-06-16T20:31:04.436900" level="INFO">Property: 'Bela Vista'</msg>
<arg>css=input[name=addressDistrict]</arg>
<arg>value</arg>
<arg>equal</arg>
<arg>${dog_walker}[district]</arg>
<tag>Assertion</tag>
<tag>Getter</tag>
<tag>PageContent</tag>
<doc>Returns the ``property`` of the element found by ``selector``.</doc>
<status status="PASS" start="2025-06-16T20:31:04.429313" elapsed="0.007680"/>
</kw>
<kw name="Get Property" owner="Browser">
<msg time="2025-06-16T20:31:04.445646" level="INFO">Property: 'São Paulo/SP'</msg>
<arg>css=input[name=addressCityUf]</arg>
<arg>value</arg>
<arg>equal</arg>
<arg>${dog_walker}[city_uf]</arg>
<tag>Assertion</tag>
<tag>Getter</tag>
<tag>PageContent</tag>
<doc>Returns the ``property`` of the element found by ``selector``.</doc>
<status status="PASS" start="2025-06-16T20:31:04.437159" elapsed="0.008595"/>
</kw>
<kw name="Fill Text" owner="Browser">
<msg time="2025-06-16T20:31:04.446387" level="INFO">Fills the text '300' in the given field.</msg>
<arg>css=input[name="addressNumber"]</arg>
<arg>${dog_walker}[number]</arg>
<tag>PageContent</tag>
<tag>Setter</tag>
<doc>Clears and fills the given ``txt`` into the text field found by ``selector``.</doc>
<status status="PASS" start="2025-06-16T20:31:04.445915" elapsed="0.011175"/>
</kw>
<kw name="Fill Text" owner="Browser">
<msg time="2025-06-16T20:31:04.457779" level="INFO">Fills the text 'Apto 12' in the given field.</msg>
<arg>css=input[name="addressDetails"]</arg>
<arg>${dog_walker}[details]</arg>
<tag>PageContent</tag>
<tag>Setter</tag>
<doc>Clears and fills the given ``txt`` into the text field found by ``selector``.</doc>
<status status="PASS" start="2025-06-16T20:31:04.457283" elapsed="0.011551"/>
</kw>
<kw name="Upload File By Selector" owner="Browser">
<arg>css=input[type=file]</arg>
<arg>${EXECDIR}/${dog_walker}[cnh]</arg>
<tag>PageContent</tag>
<tag>Setter</tag>
<doc>Uploads file from ``path`` to file input element matched by selector.</doc>
<status status="PASS" start="2025-06-16T20:31:04.469213" elapsed="0.017989"/>
</kw>
<arg>${dog_walker}</arg>
<status status="PASS" start="2025-06-16T20:31:03.856459" elapsed="0.630874"/>
</kw>
<kw name="Sleep" owner="BuiltIn">
<msg time="2025-06-16T20:31:24.488297" level="INFO">Slept 20 seconds.</msg>
<arg>20</arg>
<doc>Pauses the test executed for the given time.</doc>
<status status="PASS" start="2025-06-16T20:31:04.487577" elapsed="20.001095"/>
</kw>
<kw name="Submit signup form">
<kw name="Click" owner="Browser">
<msg time="2025-06-16T20:31:24.493133" level="INFO">Clicks the element 'css=.button-register'.</msg>
<arg>css=.button-register</arg>
<tag>PageContent</tag>
<tag>Setter</tag>
<doc>Simulates mouse click on the element found by ``selector``.</doc>
<status status="PASS" start="2025-06-16T20:31:24.491195" elapsed="0.034614"/>
</kw>
<status status="PASS" start="2025-06-16T20:31:24.489907" elapsed="0.036045"/>
</kw>
<kw name="Popup should be">
<kw name="Wait For Elements State" owner="Browser">
<msg time="2025-06-16T20:31:24.862516" level="INFO">Waited for Element with selector css=.swal2-html-container at state visible</msg>
<arg>css=.swal2-html-container</arg>
<arg>visible</arg>
<arg>5</arg>
<tag>PageContent</tag>
<tag>Wait</tag>
<doc>Waits for the element found by ``selector`` to satisfy state option.</doc>
<status status="PASS" start="2025-06-16T20:31:24.526759" elapsed="0.336025"/>
</kw>
<kw name="Get Text" owner="Browser">
<msg time="2025-06-16T20:31:24.876148" level="INFO">Text: 'Recebemos o seu cadastro e em breve retornaremos o contato.'</msg>
<arg>css=.swal2-html-container</arg>
<arg>equal</arg>
<arg>${expected_text}</arg>
<tag>Assertion</tag>
<tag>Getter</tag>
<tag>PageContent</tag>
<doc>Returns text attribute of the element found by ``selector``.</doc>
<status status="PASS" start="2025-06-16T20:31:24.862987" elapsed="0.013260"/>
</kw>
<arg>Recebemos o seu cadastro e em breve retornaremos o contato.</arg>
<status status="PASS" start="2025-06-16T20:31:24.526341" elapsed="0.350018"/>
</kw>
<msg time="2025-06-16T20:31:24.890465" level="INFO">Switching context to context=1c17da14-5c01-43df-b17b-e7ede80aa32e in CURRENT</msg>
<msg time="2025-06-16T20:31:24.898139" level="INFO">Successfully changed active context: context=1c17da14-5c01-43df-b17b-e7ede80aa32e</msg>
<msg time="2025-06-16T20:31:24.942899" level="INFO">Successfully closed Context</msg>
<status status="PASS" start="2025-06-16T20:31:01.861183" elapsed="23.015413"/>
</test>
<doc>Suite de testes de Cadastro de dog walker</doc>
<status status="PASS" start="2025-06-16T20:31:01.688320" elapsed="23.258110"/>
</suite>
<statistics>
<total>
<stat pass="1" fail="0" skip="0">All Tests</stat>
</total>
<tag>
</tag>
<suite>
<stat name="Signup" id="s1" pass="1" fail="0" skip="0">Signup</stat>
</suite>
</statistics>
<errors>
</errors>
</robot>
